<?xml version="1.0" encoding="UTF-8"?>
<!-- Generated by org.testng.reporters.JUnitReportReporter -->
<testsuite hostname="Shradha" failures="0" tests="1" name="giftcards.TC_DWS_062_Test" time="8.533" errors="0" timestamp="2025-08-04T23:42:03 IST" skipped="0">
  <testcase classname="giftcards.TC_DWS_062_Test" name="clickOnSortBy" time="8.533"/>
</testsuite> <!-- giftcards.TC_DWS_062_Test -->
