<?xml version="1.0" encoding="UTF-8"?>
<!-- Generated by org.testng.reporters.JUnitReportReporter -->
<testsuite hostname="Shradha" failures="0" tests="1" name="books.TC_DWS_001_Test" time="5.045" errors="0" timestamp="2025-08-04T23:42:03 IST" skipped="0">
  <testcase classname="books.TC_DWS_001_Test" name="clickOnBooks" time="5.045"/>
</testsuite> <!-- books.TC_DWS_001_Test -->
