<?xml version="1.0" encoding="UTF-8"?>
<!-- Generated by org.testng.reporters.JUnitReportReporter -->
<testsuite hostname="Shradha" failures="0" tests="1" name="computers.TC_DWS_021_Test" time="4.529" errors="0" timestamp="2025-08-04T23:42:03 IST" skipped="0">
  <testcase classname="computers.TC_DWS_021_Test" name="clickOnComputers" time="4.529"/>
</testsuite> <!-- computers.TC_DWS_021_Test -->
