<?xml version="1.0" encoding="UTF-8"?>
<!-- Generated by org.testng.reporters.JUnitReportReporter -->
<testsuite hostname="Shradha" failures="0" tests="1" name="electronics.TC_DWS_041_Test" time="5.248" errors="0" timestamp="2025-08-04T23:42:03 IST" skipped="0">
  <testcase classname="electronics.TC_DWS_041_Test" name="clickOnElectronics" time="5.248"/>
</testsuite> <!-- electronics.TC_DWS_041_Test -->
